2025-10-16 08:00:00 INFO RegionA User login successful
2025-10-16 08:00:05 INFO RegionB User login successful
2025-10-16 08:00:10 INFO RegionC User login successful
2025-10-16 08:01:00 WARN RegionA Disk usage 70%
2025-10-16 08:01:05 ERROR RegionA Failed to connect to server
2025-10-16 08:01:10 ERROR RegionA Failed to connect to server
2025-10-16 08:01:15 ERROR RegionA Failed to connect to server
2025-10-16 08:01:20 INFO RegionB File uploaded successfully
2025-10-16 08:01:25 WARN RegionB Memory usage 75%
2025-10-16 08:01:30 ERROR RegionB Timeout while fetching data
2025-10-16 08:01:35 ERROR RegionB Timeout while fetching data
2025-10-16 08:01:40 ERROR RegionB Timeout while fetching data
2025-10-16 08:01:45 INFO RegionC User logout
2025-10-16 08:01:50 WARN RegionC CPU usage high
2025-10-16 08:01:55 ERROR RegionC Database connection lost
2025-10-16 08:02:00 ERROR RegionC Database connection lost
2025-10-16 08:02:05 ERROR RegionC Database connection lost
2025-10-16 08:02:10 INFO RegionA File processed
2025-10-16 08:02:15 ERROR RegionA Failed to connect to server
2025-10-16 08:02:20 ERROR RegionA Failed to connect to server
2025-10-16 08:02:25 ERROR RegionA Failed to connect to server
2025-10-16 08:02:30 INFO RegionB User login successful
2025-10-16 08:02:35 WARN RegionB Memory usage 80%
2025-10-16 08:02:40 ERROR RegionB Timeout while fetching data
2025-10-16 08:02:45 ERROR RegionB Timeout while fetching data
2025-10-16 08:02:50 ERROR RegionB Timeout while fetching data
2025-10-16 08:02:55 INFO RegionC File uploaded
2025-10-16 08:03:00 ERROR RegionC Database connection lost
2025-10-16 08:03:05 ERROR RegionC Database connection lost
2025-10-16 08:03:10 ERROR RegionC Database connection lost
2025-10-16 08:03:15 INFO RegionA User logout
2025-10-16 08:03:20 WARN RegionA Disk usage 85%
2025-10-16 08:03:25 ERROR RegionA Failed to connect to server
2025-10-16 08:03:30 ERROR RegionA Failed to connect to server
2025-10-16 08:03:35 ERROR RegionA Failed to connect to server
2025-10-16 08:03:40 INFO RegionB File uploaded
2025-10-16 08:03:45 ERROR RegionB Timeout while fetching data
2025-10-16 08:03:50 ERROR RegionB Timeout while fetching data
2025-10-16 08:03:55 ERROR RegionB Timeout while fetching data
2025-10-16 08:04:00 INFO RegionC User login successful
2025-10-16 08:04:05 WARN RegionC CPU usage high
2025-10-16 08:04:10 ERROR RegionC Database connection lost
2025-10-16 08:04:15 ERROR RegionC Database connection lost
2025-10-16 08:04:20 ERROR RegionC Database connection lost
2025-10-16 08:04:25 INFO RegionA File processed
2025-10-16 08:04:30 ERROR RegionA Failed to connect to server
2025-10-16 08:04:35 ERROR RegionA Failed to connect to server
2025-10-16 08:04:40 ERROR RegionA Failed to connect to server
2025-10-16 08:04:45 INFO RegionB User logout
2025-10-16 08:04:50 WARN RegionB Memory usage high
2025-10-16 08:04:55 ERROR RegionB Timeout while fetching data
2025-10-16 08:05:00 ERROR RegionB Timeout while fetching data
2025-10-16 08:05:05 ERROR RegionB Timeout while fetching data
2025-10-16 08:05:10 INFO RegionC File uploaded
2025-10-16 08:05:15 ERROR RegionC Database connection lost
2025-10-16 08:05:20 ERROR RegionC Database connection lost
2025-10-16 08:05:25 ERROR RegionC Database connection lost
2025-10-16 08:05:30 INFO RegionA User login successful
2025-10-16 08:05:35 WARN RegionA Disk usage 90%
2025-10-16 08:05:40 ERROR RegionA Failed to connect to server
2025-10-16 08:05:45 ERROR RegionA Failed to connect to server
2025-10-16 08:05:50 ERROR RegionA Failed to connect to server
2025-10-16 08:05:55 INFO RegionB File uploaded
2025-10-16 08:06:00 ERROR RegionB Timeout while fetching data
2025-10-16 08:06:05 ERROR RegionB Timeout while fetching data
2025-10-16 08:06:10 ERROR RegionB Timeout while fetching data
2025-10-16 08:06:15 INFO RegionC User logout
2025-10-16 08:06:20 WARN RegionC CPU usage high
2025-10-16 08:06:25 ERROR RegionC Database connection lost
2025-10-16 08:06:30 ERROR RegionC Database connection lost
2025-10-16 08:06:35 ERROR RegionC Database connection lost
2025-10-16 08:06:40 INFO RegionA File processed
2025-10-16 08:06:45 ERROR RegionA Failed to connect to server
2025-10-16 08:06:50 ERROR RegionA Failed to connect to server
2025-10-16 08:06:55 ERROR RegionA Failed to connect to server
2025-10-16 08:07:00 INFO RegionB User login successful
2025-10-16 08:07:05 WARN RegionB Memory usage 85%
2025-10-16 08:07:10 ERROR RegionB Timeout while fetching data
2025-10-16 08:07:15 ERROR RegionB Timeout while fetching data
2025-10-16 08:07:20 ERROR RegionB Timeout while fetching data
2025-10-16 08:07:25 INFO RegionC File uploaded
2025-10-16 08:07:30 ERROR RegionC Database connection lost
2025-10-16 08:07:35 ERROR RegionC Database connection lost
2025-10-16 08:07:40 ERROR RegionC Database connection lost
2025-10-16 08:07:45 INFO RegionA User logout
2025-10-16 08:07:50 WARN RegionA Disk usage 80%
2025-10-16 08:07:55 ERROR RegionA Failed to connect to server
2025-10-16 08:08:00 ERROR RegionA Failed to connect to server
2025-10-16 08:08:05 ERROR RegionA Failed to connect to server
2025-10-16 08:08:10 INFO RegionB File uploaded
2025-10-16 08:08:15 ERROR RegionB Timeout while fetching data
2025-10-16 08:08:20 ERROR RegionB Timeout while fetching data
2025-10-16 08:08:25 ERROR RegionB Timeout while fetching data
2025-10-16 08:08:30 INFO RegionC User login successful
2025-10-16 08:08:35 WARN RegionC CPU usage high
2025-10-16 08:08:40 ERROR RegionC Database connection lost
2025-10-16 08:08:45 ERROR RegionC Database connection lost
2025-10-16 08:08:50 ERROR RegionC Database connection lost
2025-10-16 08:08:55 INFO RegionA File processed
2025-10-16 08:09:00 ERROR RegionA Failed to connect to server
2025-10-16 08:09:05 ERROR RegionA Failed to connect to server
2025-10-16 08:09:10 ERROR RegionA Failed to connect to server
2025-10-16 08:09:15 INFO RegionB User logout
2025-10-16 08:09:20 WARN RegionB Memory usage high
2025-10-16 08:09:25 ERROR RegionB Timeout while fetching data
2025-10-16 08:09:30 ERROR RegionB Timeout while fetching data
2025-10-16 08:09:35 ERROR RegionB Timeout while fetching data
2025-10-16 08:09:40 INFO RegionC File uploaded
2025-10-16 08:09:45 ERROR RegionC Database connection lost
2025-10-16 08:09:50 ERROR RegionC Database connection lost
2025-10-16 08:09:55 ERROR RegionC Database connection lost
2025-10-16 08:10:00 INFO RegionA User login successful
2025-10-16 08:10:05 WARN RegionA Disk usage 85%
2025-10-16 08:10:10 ERROR RegionA Failed to connect to server
2025-10-16 08:10:15 ERROR RegionA Failed to connect to server
2025-10-16 08:10:20 ERROR RegionA Failed to connect to server
2025-10-16 08:10:25 INFO RegionB File uploaded
2025-10-16 08:10:30 ERROR RegionB Timeout while fetching data
2025-10-16 08:10:35 ERROR RegionB Timeout while fetching data
2025-10-16 08:10:40 ERROR RegionB Timeout while fetching data
2025-10-16 08:10:45 INFO RegionC User logout
2025-10-16 08:10:50 WARN RegionC CPU usage high
2025-10-16 08:10:55 ERROR RegionC Database connection lost
2025-10-16 08:11:00 ERROR RegionC Database connection lost
2025-10-16 08:11:05 ERROR RegionC Database connection lost
2025-10-16 08:11:10 INFO RegionA File processed
2025-10-16 08:11:15 ERROR RegionA Failed to connect to server
2025-10-16 08:11:20 ERROR RegionA Failed to connect to server
2025-10-16 08:11:25 ERROR RegionA Failed to connect to server
2025-10-16 08:11:30 INFO RegionB User login successful
2025-10-16 08:11:35 WARN RegionB Memory usage 80%
2025-10-16 08:11:40 ERROR RegionB Timeout while fetching data
2025-10-16 08:11:45 ERROR RegionB Timeout while fetching data
2025-10-16 08:11:50 ERROR RegionB Timeout while fetching data
2025-10-16 08:11:55 INFO RegionC File uploaded
2025-10-16 08:12:00 ERROR RegionC Database connection lost
2025-10-16 08:12:05 ERROR RegionC Database connection lost
2025-10-16 08:12:10 ERROR RegionC Database connection lost
2025-10-16 08:12:15 INFO RegionA User logout
2025-10-16 08:12:20 WARN RegionA Disk usage 90%
2025-10-16 08:12:25 ERROR RegionA Failed to connect to server
2025-10-16 08:12:30 ERROR RegionA Failed to connect to server
2025-10-16 08:12:35 ERROR RegionA Failed to connect to server
2025-10-16 08:12:40 INFO RegionB File uploaded
2025-10-16 08:12:45 ERROR RegionB Timeout while fetching data
2025-10-16 08:12:50 ERROR RegionB Timeout while fetching data
2025-10-16 08:12:55 ERROR RegionB Timeout while fetching data
2025-10-16 08:13:00 INFO RegionC User login successful
2025-10-16 08:13:05 WARN RegionC CPU usage high
2025-10-16 08:13:10 ERROR RegionC Database connection lost
2025-10-16 08:13:15 ERROR RegionC Database connection lost
2025-10-16 08:13:20 ERROR RegionC Database connection lost
2025-10-16 08:13:25 INFO RegionA File processed
2025-10-16 08:13:30 ERROR RegionA Failed to connect to server
2025-10-16 08:13:35 ERROR RegionA Failed to connect to server
2025-10-16 08:13:40 ERROR RegionA Failed to connect to server
2025-10-16 08:13:45 INFO RegionB User logout
2025-10-16 08:13:50 WARN RegionB Memory usage high
2025-10-16 08:13:55 ERROR RegionB Timeout while fetching data
2025-10-16 08:14:00 ERROR RegionB Timeout while fetching data
2025-10-16 08:14:05 ERROR RegionB Timeout while fetching data
2025-10-16 08:14:10 INFO RegionC File uploaded
2025-10-16 08:14:15 ERROR RegionC Database connection lost
2025-10-16 08:14:20 ERROR RegionC Database connection lost
2025-10-16 08:14:25 ERROR RegionC Database connection lost
2025-10-16 08:14:30 INFO RegionA User login successful
2025-10-16 08:14:35 WARN RegionA Disk usage 85%
2025-10-16 08:14:40 ERROR RegionA Failed to connect to server
2025-10-16 08:14:45 ERROR RegionA Failed to connect to server
2025-10-16 08:14:50 ERROR RegionA Failed to connect to server
2025-10-16 08:14:55 INFO RegionB File uploaded
2025-10-16 08:15:00 ERROR RegionB Timeout while fetching data
2025-10-16 08:15:05 ERROR RegionB Timeout while fetching data
2025-10-16 08:15:10 ERROR RegionB Timeout while fetching data
2025-10-16 08:15:15 INFO RegionC User logout
2025-10-16 08:15:20 WARN RegionC CPU usage high
2025-10-16 08:15:25 ERROR RegionC Database connection lost
2025-10-16 08:15:30 ERROR RegionC Database connection lost
2025-10-16 08:15:35 ERROR RegionC Database connection lost
2025-10-16 08:15:40 INFO RegionA File processed
2025-10-16 08:15:45 ERROR RegionA Failed to connect to server
2025-10-16 08:15:50 ERROR RegionA Failed to connect to server
2025-10-16 08:15:55 ERROR RegionA Failed to connect to server
2025-10-16 08:16:00 INFO RegionB User login successful
2025-10-16 08:16:05 WARN RegionB Memory usage 80%
2025-10-16 08:16:10 ERROR RegionB Timeout while fetching data
2025-10-16 08:16:15 ERROR RegionB Timeout while fetching data
2025-10-16 08:16:20 ERROR RegionB Timeout while fetching data
2025-10-16 08:16:25 INFO RegionC File uploaded
2025-10-16 08:16:30 ERROR RegionC Database connection lost
2025-10-16 08:16:35 ERROR RegionC Database connection lost
2025-10-16 08:16:40 ERROR RegionC Database connection lost
2025-10-16 08:16:45 INFO RegionA User logout
2025-10-16 08:16:50 WARN RegionA Disk usage 75%
2025-10-16 08:16:55 ERROR RegionA Failed to connect to server
2025-10-16 08:17:00 ERROR RegionA Failed to connect to server
2025-10-16 08:17:05 ERROR RegionA Failed to connect to server
2025-10-16 08:17:10 INFO RegionB File uploaded
2025-10-16 08:17:15 ERROR RegionB Timeout while fetching data
2025-10-16 08:17:20 ERROR RegionB Timeout while fetching data
2025-10-16 08:17:25 ERROR RegionB Timeout while fetching data
2025-10-16 08:17:30 INFO RegionC User login successful
2025-10-16 08:17:35 WARN RegionC CPU usage high
2025-10-16 08:17:40 ERROR RegionC Database connection lost
2025-10-16 08:17:45 ERROR RegionC Database connection lost
2025-10-16 08:17:50 ERROR RegionC Database connection lost
2025-10-16 08:17:55 INFO RegionA File processed
2025-10-16 08:18:00 ERROR RegionA Failed to connect to server
2025-10-16 08:18:05 ERROR RegionA Failed to connect to server
2025-10-16 08:18:10 ERROR RegionA Failed to connect to server
2025-10-16 08:18:15 INFO RegionB User logout
2025-10-16 08:18:20 WARN RegionB Memory usage high
2025-10-16 08:18:25 ERROR RegionB Timeout while fetching data
2025-10-16 08:18:30 ERROR RegionB Timeout while fetching data
2025-10-16 08:18:35 ERROR RegionB Timeout while fetching data
2025-10-16 08:18:40 INFO RegionC File uploaded
2025-10-16 08:18:45 ERROR RegionC Database connection lost
2025-10-16 08:18:50 ERROR RegionC Database connection lost
2025-10-16 08:18:55 ERROR RegionC Database connection lost
2025-10-16 08:19:00 INFO RegionA User login successful
2025-10-16 08:19:05 WARN RegionA Disk usage 80%
2025-10-16 08:19:10 ERROR RegionA Failed to connect to server
2025-10-16 08:19:15 ERROR RegionA Failed to connect to server
2025-10-16 08:19:20 ERROR RegionA Failed to connect to server
2025-10-16 08:19:25 INFO RegionB File uploaded
2025-10-16 08:19:30 ERROR RegionB Timeout while fetching data
2025-10-16 08:19:35 ERROR RegionB Timeout while fetching data
2025-10-16 08:19:40 ERROR RegionB Timeout while fetching data
2025-10-16 08:19:45 INFO RegionC User logout
2025-10-16 08:19:50 WARN RegionC CPU usage high
2025-10-16 08:19:55 ERROR RegionC Database connection lost
2025-10-16 08:19:59 ERROR RegionC Database connection lost


